<?xml version="1.0" encoding="UTF-8"?>
<testsuite name="com.github.grambbledook.kotlin.task215.FindKthLargestTest" tests="5" skipped="0" failures="0" errors="0" timestamp="2020-01-29T09:54:29" hostname="DESKTOP-OC2IRM0" time="0.02">
  <properties/>
  <testcase name="test case 1()" classname="com.github.grambbledook.kotlin.task215.FindKthLargestTest" time="0.012"/>
  <testcase name="test case 2()" classname="com.github.grambbledook.kotlin.task215.FindKthLargestTest" time="0.001"/>
  <testcase name="test case 3()" classname="com.github.grambbledook.kotlin.task215.FindKthLargestTest" time="0.001"/>
  <testcase name="test case 4()" classname="com.github.grambbledook.kotlin.task215.FindKthLargestTest" time="0.001"/>
  <testcase name="test case 5()" classname="com.github.grambbledook.kotlin.task215.FindKthLargestTest" time="0.001"/>
  <system-out><![CDATA[]]></system-out>
  <system-err><![CDATA[]]></system-err>
</testsuite>
